<?xml version="1.0" encoding="UTF-8"?>
<!-- Generated by org.testng.reporters.JUnitXMLReporter -->
<testsuite hostname="srinath-PC" ignored="3" name="Car Loan" tests="2" failures="0" timestamp="10 Oct 2018 09:11:26 GMT" time="0.015" errors="0">
  <testcase name="ApiLoginCarLoan" time="0.002" classname="test.Day3"/>
  <testcase name="WebLoginCarLoan" time="0.002" classname="test.Day3"/>
  <testcase name="MobileLoginCarLoan" time="0.0" classname="test.Day3">
    <ignored/>
  </testcase> <!-- MobileLoginCarLoan -->
  <testcase name="MobileSigninCarLoan" time="0.0" classname="test.Day3">
    <ignored/>
  </testcase> <!-- MobileSigninCarLoan -->
  <testcase name="MobileLogoutCarLoan" time="0.0" classname="test.Day3">
    <ignored/>
  </testcase> <!-- MobileLogoutCarLoan -->
</testsuite> <!-- Car Loan -->
