<?xml version="1.0" encoding="UTF-8"?>
<!-- Generated by org.testng.reporters.JUnitXMLReporter -->
<testsuite hostname="srinath-PC" ignored="1" name="Personal Loan" tests="17" failures="0" timestamp="07 Mar 2019 19:47:41 GMT" time="21.571" errors="0">
  <testcase name="demo2" time="0.047" classname="test.Day1"/>
  <testcase name="demo3" time="0.015" classname="test.Day2"/>
  <testcase name="MobileLoginCarLoan" time="0.016" classname="test.Day3"/>
  <testcase name="MobileLogoutCarLoan" time="0.0" classname="test.Day3"/>
  <testcase name="MobileSigninCarLoan" time="0.0" classname="test.Day3"/>
  <testcase name="WebLoginCarLoan" time="0.015" classname="test.Day3"/>
  <testcase name="ApiLoginCarLoan" time="0.016" classname="test.Day3"/>
  <testcase name="ApiLoginHomeLoan" time="0.0" classname="test.Day4"/>
  <testcase name="MobileLoginHomeLoan" time="0.0" classname="test.Day4"/>
  <testcase name="WebLoginHomeLoan" time="0.015" classname="test.Day4"/>
  <testcase name="MobileLoginHomeLoan" time="0.016" classname="test.Day5"/>
  <testcase name="MobileLoginHomeLoan" time="0.015" classname="test.Day5"/>
  <testcase name="MobileLoginHomeLoan" time="0.0" classname="test.Day5"/>
  <testcase name="Login" time="6.889" classname="test.globalparameters"/>
  <testcase name="flightbooking" time="4.704" classname="test.Inheritence"/>
  <testcase name="openingbrowser" time="5.065" classname="test.Inheritence"/>
  <testcase name="Login" time="4.629" classname="test.globalparameters"/>
  <testcase name="demo" time="0.0" classname="test.Day1">
    <ignored/>
  </testcase> <!-- demo -->
</testsuite> <!-- Personal Loan -->
