<?xml version="1.0" encoding="UTF-8"?>
<!-- Generated by org.testng.reporters.JUnitXMLReporter -->
<testsuite hostname="srinath-PC" ignored="8" name="Regression" tests="3" failures="0" timestamp="12 Oct 2018 09:20:06 GMT" time="0.091" errors="0">
  <testcase name="demo3" time="0.019" classname="test.Day2"/>
  <testcase name="ApiLoginHomeLoan" time="0.006" classname="test.Day4"/>
  <testcase name="MobileSigninCarLoan" time="0.003" classname="test.Day3"/>
  <testcase name="MobileLoginHomeLoan" time="0.0" classname="test.Day4">
    <ignored/>
  </testcase> <!-- MobileLoginHomeLoan -->
  <testcase name="ApiLoginCarLoan" time="0.0" classname="test.Day3">
    <ignored/>
  </testcase> <!-- ApiLoginCarLoan -->
  <testcase name="MobileLoginCarLoan" time="0.0" classname="test.Day3">
    <ignored/>
  </testcase> <!-- MobileLoginCarLoan -->
  <testcase name="MobileLogoutCarLoan" time="0.0" classname="test.Day3">
    <ignored/>
  </testcase> <!-- MobileLogoutCarLoan -->
  <testcase name="demo" time="0.0" classname="test.Day1">
    <ignored/>
  </testcase> <!-- demo -->
  <testcase name="demo2" time="0.0" classname="test.Day1">
    <ignored/>
  </testcase> <!-- demo2 -->
  <testcase name="WebLoginHomeLoan" time="0.0" classname="test.Day4">
    <ignored/>
  </testcase> <!-- WebLoginHomeLoan -->
  <testcase name="WebLoginCarLoan" time="0.0" classname="test.Day3">
    <ignored/>
  </testcase> <!-- WebLoginCarLoan -->
</testsuite> <!-- Regression -->
